oct. 07, 2023 6:14:30 P. M. co.edu.uniquindio.travelagency.model.TravelAgency getInstance
INFO: Se ha creado una instancia de Travel Agency
oct. 07, 2023 6:17:24 P. M. co.edu.uniquindio.travelagency.model.TravelAgency getInstance
INFO: Se ha creado una instancia de Travel Agency
oct. 07, 2023 6:18:15 P. M. co.edu.uniquindio.travelagency.model.TravelAgency getInstance
INFO: Se ha creado una instancia de Travel Agency
oct. 07, 2023 6:20:27 P. M. co.edu.uniquindio.travelagency.model.TravelAgency getInstance
INFO: Se ha creado una instancia de Travel Agency
oct. 09, 2023 2:52:48 P. M. co.edu.uniquindio.travelagency.model.TravelAgency getInstance
INFO: Se ha creado una instancia de Travel Agency
oct. 09, 2023 2:53:12 P. M. co.edu.uniquindio.travelagency.model.TravelAgency getInstance
INFO: Se ha creado una instancia de Travel Agency
oct. 09, 2023 2:55:34 P. M. co.edu.uniquindio.travelagency.model.TravelAgency getInstance
INFO: Se ha creado una instancia de Travel Agency
oct. 09, 2023 2:56:52 P. M. co.edu.uniquindio.travelagency.model.TravelAgency getInstance
INFO: Se ha creado una instancia de Travel Agency
oct. 09, 2023 2:58:22 P. M. co.edu.uniquindio.travelagency.model.TravelAgency getInstance
INFO: Se ha creado una instancia de Travel Agency
oct. 09, 2023 3:27:35 P. M. co.edu.uniquindio.travelagency.model.TravelAgency getInstance
INFO: Se ha creado una instancia de Travel Agency
oct. 09, 2023 3:30:39 P. M. co.edu.uniquindio.travelagency.model.TravelAgency getInstance
INFO: Se ha creado una instancia de Travel Agency
oct. 10, 2023 9:02:03 A. M. co.edu.uniquindio.travelagency.model.TravelAgency getInstance
INFO: Se ha creado una instancia de Travel Agency
oct. 10, 2023 9:02:40 A. M. co.edu.uniquindio.travelagency.model.TravelAgency getInstance
INFO: Se ha creado una instancia de Travel Agency
oct. 10, 2023 9:05:45 A. M. co.edu.uniquindio.travelagency.model.TravelAgency getInstance
INFO: Se ha creado una instancia de Travel Agency
oct. 10, 2023 9:05:53 A. M. co.edu.uniquindio.travelagency.model.TravelAgency getInstance
INFO: Se ha creado una instancia de Travel Agency
oct. 10, 2023 9:06:18 A. M. co.edu.uniquindio.travelagency.model.TravelAgency getInstance
INFO: Se ha creado una instancia de Travel Agency
oct. 10, 2023 9:15:38 A. M. co.edu.uniquindio.travelagency.model.TravelAgency getInstance
INFO: Se ha creado una instancia de Travel Agency
oct. 10, 2023 9:22:02 A. M. co.edu.uniquindio.travelagency.model.TravelAgency getInstance
INFO: Se ha creado una instancia de Travel Agency
oct. 10, 2023 9:22:18 A. M. co.edu.uniquindio.travelagency.model.TravelAgency getInstance
INFO: Se ha creado una instancia de Travel Agency
oct. 10, 2023 9:22:45 A. M. co.edu.uniquindio.travelagency.model.TravelAgency getInstance
INFO: Se ha creado una instancia de Travel Agency
oct. 10, 2023 9:27:13 A. M. co.edu.uniquindio.travelagency.model.TravelAgency getInstance
INFO: Se ha creado una instancia de Travel Agency
oct. 10, 2023 9:28:00 A. M. co.edu.uniquindio.travelagency.model.TravelAgency getInstance
INFO: Se ha creado una instancia de Travel Agency
oct. 10, 2023 9:28:30 A. M. co.edu.uniquindio.travelagency.model.TravelAgency getInstance
INFO: Se ha creado una instancia de Travel Agency
oct. 10, 2023 9:28:36 A. M. co.edu.uniquindio.travelagency.model.TravelAgency getInstance
INFO: Se ha creado una instancia de Travel Agency
oct. 10, 2023 9:34:41 A. M. co.edu.uniquindio.travelagency.model.TravelAgency getInstance
INFO: Se ha creado una instancia de Travel Agency
oct. 10, 2023 9:38:10 A. M. co.edu.uniquindio.travelagency.model.TravelAgency getInstance
INFO: Se ha creado una instancia de Travel Agency
oct. 10, 2023 9:44:51 A. M. co.edu.uniquindio.travelagency.model.TravelAgency getInstance
INFO: Se ha creado una instancia de Travel Agency
oct. 10, 2023 9:45:02 A. M. co.edu.uniquindio.travelagency.model.TravelAgency getInstance
INFO: Se ha creado una instancia de Travel Agency
oct. 10, 2023 9:49:23 A. M. co.edu.uniquindio.travelagency.model.TravelAgency getInstance
INFO: Se ha creado una instancia de Travel Agency
oct. 10, 2023 9:51:02 A. M. co.edu.uniquindio.travelagency.model.TravelAgency getInstance
INFO: Se ha creado una instancia de Travel Agency
oct. 10, 2023 9:51:11 A. M. co.edu.uniquindio.travelagency.model.TravelAgency getInstance
INFO: Se ha creado una instancia de Travel Agency
oct. 10, 2023 9:53:19 A. M. co.edu.uniquindio.travelagency.model.TravelAgency getInstance
INFO: Se ha creado una instancia de Travel Agency
oct. 10, 2023 9:55:32 A. M. co.edu.uniquindio.travelagency.model.TravelAgency getInstance
INFO: Se ha creado una instancia de Travel Agency
oct. 10, 2023 10:03:52 A. M. co.edu.uniquindio.travelagency.model.TravelAgency getInstance
INFO: Se ha creado una instancia de Travel Agency
oct. 10, 2023 10:05:40 A. M. co.edu.uniquindio.travelagency.model.TravelAgency getInstance
INFO: Se ha creado una instancia de Travel Agency
oct. 10, 2023 10:05:57 A. M. co.edu.uniquindio.travelagency.model.TravelAgency getInstance
INFO: Se ha creado una instancia de Travel Agency
oct. 10, 2023 10:06:06 A. M. co.edu.uniquindio.travelagency.model.TravelAgency getInstance
INFO: Se ha creado una instancia de Travel Agency
oct. 10, 2023 10:06:37 A. M. co.edu.uniquindio.travelagency.model.TravelAgency getInstance
INFO: Se ha creado una instancia de Travel Agency
oct. 10, 2023 10:06:58 A. M. co.edu.uniquindio.travelagency.model.TravelAgency getInstance
INFO: Se ha creado una instancia de Travel Agency
oct. 10, 2023 7:52:40 P. M. co.edu.uniquindio.travelagency.model.TravelAgency getInstance
INFO: Se ha creado una instancia de Travel Agency
oct. 10, 2023 7:58:45 P. M. co.edu.uniquindio.travelagency.model.TravelAgency getInstance
INFO: Se ha creado una instancia de Travel Agency
oct. 10, 2023 7:59:02 P. M. co.edu.uniquindio.travelagency.model.TravelAgency getInstance
INFO: Se ha creado una instancia de Travel Agency
oct. 10, 2023 8:03:39 P. M. co.edu.uniquindio.travelagency.model.TravelAgency getInstance
INFO: Se ha creado una instancia de Travel Agency
oct. 10, 2023 8:05:45 P. M. co.edu.uniquindio.travelagency.model.TravelAgency getInstance
INFO: Se ha creado una instancia de Travel Agency
oct. 10, 2023 8:08:13 P. M. co.edu.uniquindio.travelagency.model.TravelAgency getInstance
INFO: Se ha creado una instancia de Travel Agency
oct. 10, 2023 8:10:11 P. M. co.edu.uniquindio.travelagency.model.TravelAgency getInstance
INFO: Se ha creado una instancia de Travel Agency
oct. 12, 2023 5:56:07 P. M. co.edu.uniquindio.travelagency.model.TravelAgency getInstance
INFO: Se ha creado una instancia de Travel Agency
oct. 12, 2023 6:03:11 P. M. co.edu.uniquindio.travelagency.model.TravelAgency getInstance
INFO: Se ha creado una instancia de Travel Agency
oct. 12, 2023 6:05:41 P. M. co.edu.uniquindio.travelagency.model.TravelAgency getInstance
INFO: Se ha creado una instancia de Travel Agency
oct. 12, 2023 6:06:15 P. M. co.edu.uniquindio.travelagency.model.TravelAgency getInstance
INFO: Se ha creado una instancia de Travel Agency
oct. 12, 2023 6:07:32 P. M. co.edu.uniquindio.travelagency.model.TravelAgency getInstance
INFO: Se ha creado una instancia de Travel Agency
oct. 12, 2023 6:09:30 P. M. co.edu.uniquindio.travelagency.model.TravelAgency getInstance
INFO: Se ha creado una instancia de Travel Agency
oct. 12, 2023 6:10:26 P. M. co.edu.uniquindio.travelagency.model.TravelAgency getInstance
INFO: Se ha creado una instancia de Travel Agency
oct. 12, 2023 6:12:36 P. M. co.edu.uniquindio.travelagency.model.TravelAgency getInstance
INFO: Se ha creado una instancia de Travel Agency
oct. 12, 2023 6:18:32 P. M. co.edu.uniquindio.travelagency.model.TravelAgency getInstance
INFO: Se ha creado una instancia de Travel Agency
oct. 12, 2023 6:21:17 P. M. co.edu.uniquindio.travelagency.model.TravelAgency getInstance
INFO: Se ha creado una instancia de Travel Agency
oct. 12, 2023 8:47:31 P. M. co.edu.uniquindio.travelagency.model.TravelAgency getInstance
INFO: Se ha creado una instancia de Travel Agency
oct. 12, 2023 8:51:23 P. M. co.edu.uniquindio.travelagency.model.TravelAgency getInstance
INFO: Se ha creado una instancia de Travel Agency
oct. 12, 2023 8:51:47 P. M. co.edu.uniquindio.travelagency.model.TravelAgency getInstance
INFO: Se ha creado una instancia de Travel Agency
oct. 12, 2023 8:52:11 P. M. co.edu.uniquindio.travelagency.model.TravelAgency getInstance
INFO: Se ha creado una instancia de Travel Agency
oct. 12, 2023 8:52:20 P. M. co.edu.uniquindio.travelagency.model.TravelAgency validateLogInDataUser
INFO: Se ha hecho un intento de registro con informacion incorrecta.
oct. 12, 2023 8:56:23 P. M. co.edu.uniquindio.travelagency.model.TravelAgency getInstance
INFO: Se ha creado una instancia de Travel Agency
oct. 12, 2023 8:56:31 P. M. co.edu.uniquindio.travelagency.model.TravelAgency validateLogInDataUser
INFO: Se ha hecho un intento de registro con informacion incorrecta.
oct. 12, 2023 8:56:31 P. M. co.edu.uniquindio.travelagency.model.TravelAgency LogIn
SEVERE: null
oct. 12, 2023 8:56:31 P. M. co.edu.uniquindio.travelagency.model.TravelAgency validateLogInDataAdmin
INFO: El admin con el id admin ha hecho un inicio de sesión.
oct. 12, 2023 8:56:31 P. M. co.edu.uniquindio.travelagency.model.TravelAgency getInstance
INFO: Se ha creado una instancia de Travel Agency
oct. 12, 2023 8:56:38 P. M. co.edu.uniquindio.travelagency.model.TravelAgency validateLogInDataUser
INFO: Se ha hecho un intento de registro con informacion incorrecta.
oct. 12, 2023 8:56:38 P. M. co.edu.uniquindio.travelagency.model.TravelAgency LogIn
SEVERE: null
oct. 12, 2023 8:56:38 P. M. co.edu.uniquindio.travelagency.model.TravelAgency validateLogInDataAdmin
INFO: El admin con el id admin ha hecho un inicio de sesión.
oct. 12, 2023 8:56:38 P. M. co.edu.uniquindio.travelagency.model.TravelAgency getInstance
INFO: Se ha creado una instancia de Travel Agency
oct. 12, 2023 8:57:00 P. M. co.edu.uniquindio.travelagency.model.TravelAgency getInstance
INFO: Se ha creado una instancia de Travel Agency
oct. 12, 2023 8:57:12 P. M. co.edu.uniquindio.travelagency.model.TravelAgency validateLogInDataUser
INFO: Se ha hecho un intento de registro con informacion incorrecta.
oct. 12, 2023 8:57:12 P. M. co.edu.uniquindio.travelagency.model.TravelAgency LogIn
SEVERE: null
oct. 12, 2023 8:57:12 P. M. co.edu.uniquindio.travelagency.model.TravelAgency validateLogInDataAdmin
INFO: El admin con el id admin ha hecho un inicio de sesión.
oct. 12, 2023 8:57:12 P. M. co.edu.uniquindio.travelagency.model.TravelAgency getInstance
INFO: Se ha creado una instancia de Travel Agency
oct. 12, 2023 8:57:56 P. M. co.edu.uniquindio.travelagency.model.TravelAgency getInstance
INFO: Se ha creado una instancia de Travel Agency
oct. 12, 2023 8:58:03 P. M. co.edu.uniquindio.travelagency.model.TravelAgency validateLogInDataUser
INFO: Se ha hecho un intento de registro con informacion incorrecta.
oct. 12, 2023 8:58:03 P. M. co.edu.uniquindio.travelagency.model.TravelAgency LogIn
SEVERE: null
oct. 12, 2023 8:58:03 P. M. co.edu.uniquindio.travelagency.model.TravelAgency validateLogInDataAdmin
INFO: El admin con el id admin ha hecho un inicio de sesión.
oct. 12, 2023 8:58:03 P. M. co.edu.uniquindio.travelagency.model.TravelAgency getInstance
INFO: Se ha creado una instancia de Travel Agency
oct. 12, 2023 8:58:40 P. M. co.edu.uniquindio.travelagency.model.TravelAgency getInstance
INFO: Se ha creado una instancia de Travel Agency
oct. 12, 2023 8:58:51 P. M. co.edu.uniquindio.travelagency.model.TravelAgency validateLogInDataUser
INFO: Se ha hecho un intento de registro con informacion incorrecta.
oct. 12, 2023 8:58:51 P. M. co.edu.uniquindio.travelagency.model.TravelAgency LogIn
SEVERE: null
oct. 12, 2023 8:58:51 P. M. co.edu.uniquindio.travelagency.model.TravelAgency validateLogInDataAdmin
INFO: El admin con el id admin ha hecho un inicio de sesión.
oct. 12, 2023 8:58:51 P. M. co.edu.uniquindio.travelagency.model.TravelAgency getInstance
INFO: Se ha creado una instancia de Travel Agency
oct. 12, 2023 8:58:53 P. M. co.edu.uniquindio.travelagency.model.TravelAgency getInstance
INFO: Se ha creado una instancia de Travel Agency
oct. 12, 2023 9:01:25 P. M. co.edu.uniquindio.travelagency.model.TravelAgency getInstance
INFO: Se ha creado una instancia de Travel Agency
oct. 12, 2023 9:01:32 P. M. co.edu.uniquindio.travelagency.model.TravelAgency validateLogInDataAdmin
INFO: El admin con el id admin ha hecho un inicio de sesión.
oct. 12, 2023 9:01:32 P. M. co.edu.uniquindio.travelagency.model.TravelAgency getInstance
INFO: Se ha creado una instancia de Travel Agency
oct. 12, 2023 9:01:34 P. M. co.edu.uniquindio.travelagency.model.TravelAgency getInstance
INFO: Se ha creado una instancia de Travel Agency
oct. 12, 2023 9:02:26 P. M. co.edu.uniquindio.travelagency.model.TravelAgency getInstance
INFO: Se ha creado una instancia de Travel Agency
oct. 12, 2023 9:02:36 P. M. co.edu.uniquindio.travelagency.model.TravelAgency validateLogInDataAdmin
INFO: Se ha hecho un intento de registro con informacion incorrecta.
oct. 27, 2023 9:18:14 A. M. co.edu.uniquindio.travelagency.model.TravelAgency getInstance
INFO: Se ha creado una instancia de Travel Agency
oct. 27, 2023 9:20:05 A. M. co.edu.uniquindio.travelagency.model.TravelAgency getInstance
INFO: Se ha creado una instancia de Travel Agency
oct. 27, 2023 9:20:12 A. M. co.edu.uniquindio.travelagency.model.TravelAgency validateLogInDataAdmin
INFO: El admin con el id admin ha hecho un inicio de sesión.
oct. 27, 2023 9:20:12 A. M. co.edu.uniquindio.travelagency.model.TravelAgency getInstance
INFO: Se ha creado una instancia de Travel Agency
oct. 27, 2023 9:20:24 A. M. co.edu.uniquindio.travelagency.model.TravelAgency getInstance
INFO: Se ha creado una instancia de Travel Agency
oct. 27, 2023 9:21:50 A. M. co.edu.uniquindio.travelagency.model.TravelAgency getInstance
INFO: Se ha creado una instancia de Travel Agency
oct. 27, 2023 9:27:52 A. M. co.edu.uniquindio.travelagency.model.TravelAgency getInstance
INFO: Se ha creado una instancia de Travel Agency
oct. 27, 2023 9:27:56 A. M. co.edu.uniquindio.travelagency.model.TravelAgency LogIn
INFO: Se ha hecho un intento de registro de cliente con campos vacios.
oct. 27, 2023 9:28:43 A. M. co.edu.uniquindio.travelagency.model.TravelAgency getInstance
INFO: Se ha creado una instancia de Travel Agency
oct. 27, 2023 9:29:03 A. M. co.edu.uniquindio.travelagency.model.TravelAgency getInstance
INFO: Se ha creado una instancia de Travel Agency
oct. 27, 2023 9:29:18 A. M. co.edu.uniquindio.travelagency.model.TravelAgency LogIn
INFO: Se ha hecho un intento de registro de cliente con campos vacios.
oct. 27, 2023 9:38:51 A. M. co.edu.uniquindio.travelagency.model.TravelAgency getInstance
INFO: Se ha creado una instancia de Travel Agency
oct. 27, 2023 9:39:04 A. M. co.edu.uniquindio.travelagency.model.TravelAgency validateLogInDataAdmin
INFO: El admin con el id admin ha hecho un inicio de sesión.
oct. 27, 2023 9:39:04 A. M. co.edu.uniquindio.travelagency.model.TravelAgency getInstance
INFO: Se ha creado una instancia de Travel Agency
oct. 27, 2023 9:39:22 A. M. co.edu.uniquindio.travelagency.model.TravelAgency getInstance
INFO: Se ha creado una instancia de Travel Agency
oct. 27, 2023 9:39:47 A. M. co.edu.uniquindio.travelagency.model.TravelAgency getInstance
INFO: Se ha creado una instancia de Travel Agency
oct. 27, 2023 9:39:55 A. M. co.edu.uniquindio.travelagency.model.TravelAgency validateLogInDataAdmin
INFO: El admin con el id admin ha hecho un inicio de sesión.
oct. 27, 2023 9:39:55 A. M. co.edu.uniquindio.travelagency.model.TravelAgency getInstance
INFO: Se ha creado una instancia de Travel Agency
oct. 27, 2023 9:39:58 A. M. co.edu.uniquindio.travelagency.model.TravelAgency getInstance
INFO: Se ha creado una instancia de Travel Agency
oct. 27, 2023 9:48:05 A. M. co.edu.uniquindio.travelagency.model.TravelAgency getInstance
INFO: Se ha creado una instancia de Travel Agency
oct. 27, 2023 9:52:55 A. M. co.edu.uniquindio.travelagency.model.TravelAgency getInstance
INFO: Se ha creado una instancia de Travel Agency
oct. 27, 2023 9:53:13 A. M. co.edu.uniquindio.travelagency.model.TravelAgency getInstance
INFO: Se ha creado una instancia de Travel Agency
oct. 27, 2023 9:57:00 A. M. co.edu.uniquindio.travelagency.model.TravelAgency getInstance
INFO: Se ha creado una instancia de Travel Agency
oct. 27, 2023 9:58:39 A. M. co.edu.uniquindio.travelagency.model.TravelAgency getInstance
INFO: Se ha creado una instancia de Travel Agency
oct. 27, 2023 9:59:09 A. M. co.edu.uniquindio.travelagency.model.TravelAgency getInstance
INFO: Se ha creado una instancia de Travel Agency
oct. 27, 2023 9:59:33 A. M. co.edu.uniquindio.travelagency.model.TravelAgency getInstance
INFO: Se ha creado una instancia de Travel Agency
oct. 27, 2023 10:03:48 A. M. co.edu.uniquindio.travelagency.model.TravelAgency getInstance
INFO: Se ha creado una instancia de Travel Agency
oct. 27, 2023 10:03:55 A. M. co.edu.uniquindio.travelagency.model.TravelAgency validateLogInDataAdmin
INFO: El admin con el id admin ha hecho un inicio de sesión.
oct. 27, 2023 10:03:55 A. M. co.edu.uniquindio.travelagency.model.TravelAgency getInstance
INFO: Se ha creado una instancia de Travel Agency
oct. 27, 2023 10:08:02 A. M. co.edu.uniquindio.travelagency.model.TravelAgency getInstance
INFO: Se ha creado una instancia de Travel Agency
oct. 27, 2023 10:08:08 A. M. co.edu.uniquindio.travelagency.model.TravelAgency validateLogInDataAdmin
INFO: El admin con el id admin ha hecho un inicio de sesión.
oct. 27, 2023 10:08:08 A. M. co.edu.uniquindio.travelagency.model.TravelAgency getInstance
INFO: Se ha creado una instancia de Travel Agency
oct. 27, 2023 10:08:11 A. M. co.edu.uniquindio.travelagency.model.TravelAgency getInstance
INFO: Se ha creado una instancia de Travel Agency
oct. 27, 2023 10:08:25 A. M. co.edu.uniquindio.travelagency.model.TravelAgency getInstance
INFO: Se ha creado una instancia de Travel Agency
oct. 27, 2023 10:08:33 A. M. co.edu.uniquindio.travelagency.model.TravelAgency validateLogInDataAdmin
INFO: El admin con el id admin ha hecho un inicio de sesión.
oct. 27, 2023 10:08:33 A. M. co.edu.uniquindio.travelagency.model.TravelAgency getInstance
INFO: Se ha creado una instancia de Travel Agency
oct. 27, 2023 10:08:35 A. M. co.edu.uniquindio.travelagency.model.TravelAgency getInstance
INFO: Se ha creado una instancia de Travel Agency
oct. 27, 2023 10:08:47 A. M. co.edu.uniquindio.travelagency.model.TravelAgency getInstance
INFO: Se ha creado una instancia de Travel Agency
oct. 27, 2023 10:08:53 A. M. co.edu.uniquindio.travelagency.model.TravelAgency validateLogInDataAdmin
INFO: El admin con el id admin ha hecho un inicio de sesión.
oct. 27, 2023 10:08:53 A. M. co.edu.uniquindio.travelagency.model.TravelAgency getInstance
INFO: Se ha creado una instancia de Travel Agency
oct. 27, 2023 10:08:54 A. M. co.edu.uniquindio.travelagency.model.TravelAgency getInstance
INFO: Se ha creado una instancia de Travel Agency
oct. 27, 2023 10:11:53 A. M. co.edu.uniquindio.travelagency.model.TravelAgency getInstance
INFO: Se ha creado una instancia de Travel Agency
oct. 27, 2023 10:12:00 A. M. co.edu.uniquindio.travelagency.model.TravelAgency validateLogInDataAdmin
INFO: El admin con el id admin ha hecho un inicio de sesión.
oct. 27, 2023 10:12:00 A. M. co.edu.uniquindio.travelagency.model.TravelAgency getInstance
INFO: Se ha creado una instancia de Travel Agency
oct. 27, 2023 10:12:02 A. M. co.edu.uniquindio.travelagency.model.TravelAgency getInstance
INFO: Se ha creado una instancia de Travel Agency
oct. 27, 2023 10:15:03 A. M. co.edu.uniquindio.travelagency.model.TravelAgency getInstance
INFO: Se ha creado una instancia de Travel Agency
oct. 27, 2023 10:15:10 A. M. co.edu.uniquindio.travelagency.model.TravelAgency validateLogInDataAdmin
INFO: El admin con el id admin ha hecho un inicio de sesión.
oct. 27, 2023 10:15:10 A. M. co.edu.uniquindio.travelagency.model.TravelAgency getInstance
INFO: Se ha creado una instancia de Travel Agency
oct. 27, 2023 10:15:14 A. M. co.edu.uniquindio.travelagency.model.TravelAgency getInstance
INFO: Se ha creado una instancia de Travel Agency
oct. 27, 2023 10:15:51 A. M. co.edu.uniquindio.travelagency.model.TravelAgency getInstance
INFO: Se ha creado una instancia de Travel Agency
oct. 27, 2023 10:15:57 A. M. co.edu.uniquindio.travelagency.model.TravelAgency validateLogInDataAdmin
INFO: El admin con el id admin ha hecho un inicio de sesión.
oct. 27, 2023 10:15:57 A. M. co.edu.uniquindio.travelagency.model.TravelAgency getInstance
INFO: Se ha creado una instancia de Travel Agency
oct. 27, 2023 10:15:58 A. M. co.edu.uniquindio.travelagency.model.TravelAgency getInstance
INFO: Se ha creado una instancia de Travel Agency
oct. 27, 2023 8:09:59 P. M. co.edu.uniquindio.travelagency.model.TravelAgency getInstance
INFO: Se ha creado una instancia de Travel Agency
oct. 27, 2023 8:10:09 P. M. co.edu.uniquindio.travelagency.model.TravelAgency validateLogInDataAdmin
INFO: El admin con el id admin ha hecho un inicio de sesión.
oct. 27, 2023 8:10:09 P. M. co.edu.uniquindio.travelagency.model.TravelAgency getInstance
INFO: Se ha creado una instancia de Travel Agency
oct. 27, 2023 8:10:17 P. M. co.edu.uniquindio.travelagency.model.TravelAgency getInstance
INFO: Se ha creado una instancia de Travel Agency
oct. 27, 2023 9:13:33 P. M. co.edu.uniquindio.travelagency.model.TravelAgency getInstance
INFO: Se ha creado una instancia de Travel Agency
oct. 27, 2023 9:13:40 P. M. co.edu.uniquindio.travelagency.model.TravelAgency validateLogInDataAdmin
INFO: El admin con el id admin ha hecho un inicio de sesión.
oct. 27, 2023 9:13:40 P. M. co.edu.uniquindio.travelagency.model.TravelAgency getInstance
INFO: Se ha creado una instancia de Travel Agency
oct. 27, 2023 9:14:24 P. M. co.edu.uniquindio.travelagency.model.TravelAgency getInstance
INFO: Se ha creado una instancia de Travel Agency
oct. 27, 2023 9:15:31 P. M. co.edu.uniquindio.travelagency.model.TravelAgency getInstance
INFO: Se ha creado una instancia de Travel Agency
oct. 27, 2023 9:15:38 P. M. co.edu.uniquindio.travelagency.model.TravelAgency validateLogInDataAdmin
INFO: El admin con el id admin ha hecho un inicio de sesión.
oct. 27, 2023 9:15:38 P. M. co.edu.uniquindio.travelagency.model.TravelAgency getInstance
INFO: Se ha creado una instancia de Travel Agency
oct. 27, 2023 9:15:57 P. M. co.edu.uniquindio.travelagency.model.TravelAgency getInstance
INFO: Se ha creado una instancia de Travel Agency
oct. 28, 2023 8:28:31 A. M. co.edu.uniquindio.travelagency.model.TravelAgency getInstance
INFO: Se ha creado una instancia de Travel Agency
oct. 28, 2023 8:28:45 A. M. co.edu.uniquindio.travelagency.model.TravelAgency validateLogInDataAdmin
INFO: El admin con el id admin ha hecho un inicio de sesión.
oct. 28, 2023 8:28:45 A. M. co.edu.uniquindio.travelagency.model.TravelAgency getInstance
INFO: Se ha creado una instancia de Travel Agency
oct. 28, 2023 8:28:53 A. M. co.edu.uniquindio.travelagency.model.TravelAgency getInstance
INFO: Se ha creado una instancia de Travel Agency
oct. 28, 2023 8:53:02 A. M. co.edu.uniquindio.travelagency.model.TravelAgency getInstance
INFO: Se ha creado una instancia de Travel Agency
oct. 28, 2023 8:53:09 A. M. co.edu.uniquindio.travelagency.model.TravelAgency validateLogInDataAdmin
INFO: El admin con el id admin ha hecho un inicio de sesión.
oct. 28, 2023 8:53:09 A. M. co.edu.uniquindio.travelagency.model.TravelAgency getInstance
INFO: Se ha creado una instancia de Travel Agency
oct. 28, 2023 8:53:32 A. M. co.edu.uniquindio.travelagency.model.TravelAgency getInstance
INFO: Se ha creado una instancia de Travel Agency
oct. 28, 2023 8:56:33 A. M. co.edu.uniquindio.travelagency.model.TravelAgency getInstance
INFO: Se ha creado una instancia de Travel Agency
oct. 28, 2023 8:56:40 A. M. co.edu.uniquindio.travelagency.model.TravelAgency validateLogInDataAdmin
INFO: El admin con el id admin ha hecho un inicio de sesión.
oct. 28, 2023 8:56:40 A. M. co.edu.uniquindio.travelagency.model.TravelAgency getInstance
INFO: Se ha creado una instancia de Travel Agency
oct. 28, 2023 8:56:46 A. M. co.edu.uniquindio.travelagency.model.TravelAgency getInstance
INFO: Se ha creado una instancia de Travel Agency
oct. 28, 2023 9:17:45 A. M. co.edu.uniquindio.travelagency.model.TravelAgency getInstance
INFO: Se ha creado una instancia de Travel Agency
oct. 28, 2023 9:17:54 A. M. co.edu.uniquindio.travelagency.model.TravelAgency validateLogInDataAdmin
INFO: El admin con el id admin ha hecho un inicio de sesión.
oct. 28, 2023 9:17:54 A. M. co.edu.uniquindio.travelagency.model.TravelAgency getInstance
INFO: Se ha creado una instancia de Travel Agency
oct. 28, 2023 9:18:20 A. M. co.edu.uniquindio.travelagency.model.TravelAgency getInstance
INFO: Se ha creado una instancia de Travel Agency
oct. 28, 2023 9:19:52 A. M. co.edu.uniquindio.travelagency.model.TravelAgency getInstance
INFO: Se ha creado una instancia de Travel Agency
oct. 28, 2023 9:19:59 A. M. co.edu.uniquindio.travelagency.model.TravelAgency validateLogInDataAdmin
INFO: El admin con el id admin ha hecho un inicio de sesión.
oct. 28, 2023 9:19:59 A. M. co.edu.uniquindio.travelagency.model.TravelAgency getInstance
INFO: Se ha creado una instancia de Travel Agency
oct. 28, 2023 9:20:42 A. M. co.edu.uniquindio.travelagency.model.TravelAgency getInstance
INFO: Se ha creado una instancia de Travel Agency
oct. 28, 2023 9:30:11 A. M. co.edu.uniquindio.travelagency.model.TravelAgency getInstance
INFO: Se ha creado una instancia de Travel Agency
oct. 28, 2023 9:30:16 A. M. co.edu.uniquindio.travelagency.model.TravelAgency validateLogInDataAdmin
INFO: El admin con el id admin ha hecho un inicio de sesión.
oct. 28, 2023 9:30:16 A. M. co.edu.uniquindio.travelagency.model.TravelAgency getInstance
INFO: Se ha creado una instancia de Travel Agency
oct. 28, 2023 9:31:07 A. M. co.edu.uniquindio.travelagency.model.TravelAgency getInstance
INFO: Se ha creado una instancia de Travel Agency
oct. 28, 2023 9:34:42 A. M. co.edu.uniquindio.travelagency.model.TravelAgency getInstance
INFO: Se ha creado una instancia de Travel Agency
oct. 28, 2023 9:34:49 A. M. co.edu.uniquindio.travelagency.model.TravelAgency validateLogInDataAdmin
INFO: El admin con el id admin ha hecho un inicio de sesión.
oct. 28, 2023 9:34:49 A. M. co.edu.uniquindio.travelagency.model.TravelAgency getInstance
INFO: Se ha creado una instancia de Travel Agency
oct. 28, 2023 9:35:07 A. M. co.edu.uniquindio.travelagency.model.TravelAgency getInstance
INFO: Se ha creado una instancia de Travel Agency
oct. 28, 2023 9:35:29 A. M. co.edu.uniquindio.travelagency.model.TravelAgency getInstance
INFO: Se ha creado una instancia de Travel Agency
oct. 28, 2023 9:35:37 A. M. co.edu.uniquindio.travelagency.model.TravelAgency validateLogInDataAdmin
INFO: El admin con el id admin ha hecho un inicio de sesión.
oct. 28, 2023 9:35:37 A. M. co.edu.uniquindio.travelagency.model.TravelAgency getInstance
INFO: Se ha creado una instancia de Travel Agency
oct. 28, 2023 9:35:43 A. M. co.edu.uniquindio.travelagency.model.TravelAgency agregarDestino
INFO: Se ha intentado agregar un destino con campos vacios.
oct. 28, 2023 9:36:02 A. M. co.edu.uniquindio.travelagency.model.TravelAgency agregarDestino
INFO: Se ha intentado agregar un destino con campos vacios.
oct. 28, 2023 9:36:09 A. M. co.edu.uniquindio.travelagency.model.TravelAgency getInstance
INFO: Se ha creado una instancia de Travel Agency
oct. 28, 2023 9:38:57 A. M. co.edu.uniquindio.travelagency.model.TravelAgency validateLogInDataAdmin
INFO: El admin con el id admin ha hecho un inicio de sesión.
oct. 28, 2023 9:38:57 A. M. co.edu.uniquindio.travelagency.model.TravelAgency getInstance
INFO: Se ha creado una instancia de Travel Agency
oct. 28, 2023 9:38:59 A. M. co.edu.uniquindio.travelagency.model.TravelAgency agregarDestino
INFO: Se ha intentado agregar un destino con campos vacios.
oct. 28, 2023 9:39:03 A. M. co.edu.uniquindio.travelagency.model.TravelAgency getInstance
INFO: Se ha creado una instancia de Travel Agency
oct. 28, 2023 9:41:49 A. M. co.edu.uniquindio.travelagency.model.TravelAgency getInstance
INFO: Se ha creado una instancia de Travel Agency
oct. 28, 2023 9:41:55 A. M. co.edu.uniquindio.travelagency.model.TravelAgency validateLogInDataAdmin
INFO: El admin con el id admin ha hecho un inicio de sesión.
oct. 28, 2023 9:41:55 A. M. co.edu.uniquindio.travelagency.model.TravelAgency getInstance
INFO: Se ha creado una instancia de Travel Agency
oct. 28, 2023 9:42:01 A. M. co.edu.uniquindio.travelagency.model.TravelAgency agregarDestino
INFO: Se ha intentado agregar un destino con campos vacios.
oct. 28, 2023 9:42:04 A. M. co.edu.uniquindio.travelagency.model.TravelAgency agregarDestino
INFO: Se ha intentado agregar un destino con campos vacios.
oct. 28, 2023 9:42:15 A. M. co.edu.uniquindio.travelagency.model.TravelAgency getInstance
INFO: Se ha creado una instancia de Travel Agency
oct. 28, 2023 9:42:57 A. M. co.edu.uniquindio.travelagency.model.TravelAgency getInstance
INFO: Se ha creado una instancia de Travel Agency
oct. 28, 2023 9:43:03 A. M. co.edu.uniquindio.travelagency.model.TravelAgency validateLogInDataAdmin
INFO: El admin con el id admin ha hecho un inicio de sesión.
oct. 28, 2023 9:43:03 A. M. co.edu.uniquindio.travelagency.model.TravelAgency getInstance
INFO: Se ha creado una instancia de Travel Agency
oct. 28, 2023 9:43:08 A. M. co.edu.uniquindio.travelagency.model.TravelAgency agregarDestino
INFO: Se ha intentado agregar un destino con campos vacios.
oct. 28, 2023 9:43:11 A. M. co.edu.uniquindio.travelagency.model.TravelAgency getInstance
INFO: Se ha creado una instancia de Travel Agency
oct. 28, 2023 9:44:00 A. M. co.edu.uniquindio.travelagency.model.TravelAgency getInstance
INFO: Se ha creado una instancia de Travel Agency
oct. 28, 2023 9:44:05 A. M. co.edu.uniquindio.travelagency.model.TravelAgency validateLogInDataAdmin
INFO: Se ha intentado un inicio de sesión con contraseña incorrecta.
oct. 28, 2023 9:44:11 A. M. co.edu.uniquindio.travelagency.model.TravelAgency validateLogInDataAdmin
INFO: El admin con el id admin ha hecho un inicio de sesión.
oct. 28, 2023 9:44:11 A. M. co.edu.uniquindio.travelagency.model.TravelAgency getInstance
INFO: Se ha creado una instancia de Travel Agency
oct. 28, 2023 9:44:27 A. M. co.edu.uniquindio.travelagency.model.TravelAgency agregarDestino
INFO: Se ha intentado agregar un destino con campos vacios.
oct. 28, 2023 9:44:35 A. M. co.edu.uniquindio.travelagency.model.TravelAgency agregarDestino
INFO: Se ha intentado agregar un destino con campos vacios.
oct. 28, 2023 9:44:38 A. M. co.edu.uniquindio.travelagency.model.TravelAgency agregarDestino
INFO: Se ha intentado agregar un destino con campos vacios.
oct. 28, 2023 9:44:41 A. M. co.edu.uniquindio.travelagency.model.TravelAgency getInstance
INFO: Se ha creado una instancia de Travel Agency
oct. 28, 2023 9:46:12 A. M. co.edu.uniquindio.travelagency.model.TravelAgency getInstance
INFO: Se ha creado una instancia de Travel Agency
oct. 28, 2023 9:46:17 A. M. co.edu.uniquindio.travelagency.model.TravelAgency validateLogInDataAdmin
INFO: El admin con el id admin ha hecho un inicio de sesión.
oct. 28, 2023 9:46:17 A. M. co.edu.uniquindio.travelagency.model.TravelAgency getInstance
INFO: Se ha creado una instancia de Travel Agency
oct. 28, 2023 9:46:22 A. M. co.edu.uniquindio.travelagency.model.TravelAgency agregarDestino
INFO: Se ha creado un nuevo destino.
oct. 28, 2023 9:46:28 A. M. co.edu.uniquindio.travelagency.model.TravelAgency agregarDestino
SEVERE: Se ha intentado crear un Destino existente.
oct. 28, 2023 9:46:37 A. M. co.edu.uniquindio.travelagency.model.TravelAgency getInstance
INFO: Se ha creado una instancia de Travel Agency
oct. 28, 2023 9:46:51 A. M. co.edu.uniquindio.travelagency.model.TravelAgency getInstance
INFO: Se ha creado una instancia de Travel Agency
oct. 28, 2023 9:46:57 A. M. co.edu.uniquindio.travelagency.model.TravelAgency validateLogInDataAdmin
INFO: El admin con el id admin ha hecho un inicio de sesión.
oct. 28, 2023 9:46:57 A. M. co.edu.uniquindio.travelagency.model.TravelAgency getInstance
INFO: Se ha creado una instancia de Travel Agency
oct. 28, 2023 9:49:49 A. M. co.edu.uniquindio.travelagency.model.TravelAgency getInstance
INFO: Se ha creado una instancia de Travel Agency
oct. 28, 2023 10:11:13 A. M. co.edu.uniquindio.travelagency.model.TravelAgency getInstance
INFO: Se ha creado una instancia de Travel Agency
oct. 28, 2023 10:11:22 A. M. co.edu.uniquindio.travelagency.model.TravelAgency validateLogInDataAdmin
INFO: El admin con el id admin ha hecho un inicio de sesión.
oct. 28, 2023 10:11:22 A. M. co.edu.uniquindio.travelagency.model.TravelAgency getInstance
INFO: Se ha creado una instancia de Travel Agency
oct. 28, 2023 10:11:59 A. M. co.edu.uniquindio.travelagency.model.TravelAgency getInstance
INFO: Se ha creado una instancia de Travel Agency
oct. 28, 2023 10:12:05 A. M. co.edu.uniquindio.travelagency.model.TravelAgency getInstance
INFO: Se ha creado una instancia de Travel Agency
oct. 28, 2023 10:12:13 A. M. co.edu.uniquindio.travelagency.model.TravelAgency validateLogInDataAdmin
INFO: El admin con el id admin ha hecho un inicio de sesión.
oct. 28, 2023 10:12:13 A. M. co.edu.uniquindio.travelagency.model.TravelAgency getInstance
INFO: Se ha creado una instancia de Travel Agency
oct. 28, 2023 10:12:41 A. M. co.edu.uniquindio.travelagency.model.TravelAgency getInstance
INFO: Se ha creado una instancia de Travel Agency
